<?xml version="1.0" encoding="UTF-8"?>
<testng-results skipped="0" failed="1" ignored="0" total="8" passed="7">
  <reporter-output>
  </reporter-output>
  <suite name="TestSuite" duration-ms="590566" started-at="2019-05-10T07:36:41Z" finished-at="2019-05-10T07:46:31Z">
    <groups>
    </groups>
    <test name="Only-Chrome" duration-ms="590566" started-at="2019-05-10T07:36:41Z" finished-at="2019-05-10T07:46:31Z">
      <class name="logic.Filter">
        <test-method status="PASS" signature="Myaccount()[pri:0, instance:logic.Filter@51e2adc7]" name="Myaccount" duration-ms="1" started-at="2019-05-10T07:45:39Z" finished-at="2019-05-10T07:45:39Z">
          <reporter-output>
          </reporter-output>
        </test-method> <!-- Myaccount -->
      </class> <!-- logic.Filter -->
      <class name="logic.Register">
        <test-method status="PASS" signature="register()[pri:0, instance:logic.Register@307f6b8c]" name="register" duration-ms="1399" started-at="2019-05-10T07:44:52Z" finished-at="2019-05-10T07:44:53Z">
          <reporter-output>
          </reporter-output>
        </test-method> <!-- register -->
      </class> <!-- logic.Register -->
      <class name="logic.CheckoutGuest">
        <test-method status="PASS" signature="Chck()[pri:0, instance:logic.CheckoutGuest@2353b3e6]" name="Chck" duration-ms="1" started-at="2019-05-10T07:45:39Z" finished-at="2019-05-10T07:45:39Z">
          <reporter-output>
          </reporter-output>
        </test-method> <!-- Chck -->
      </class> <!-- logic.CheckoutGuest -->
      <class name="logic.MyAccount">
        <test-method status="PASS" signature="register()[pri:0, instance:logic.MyAccount@6f195bc3]" name="register" duration-ms="45173" started-at="2019-05-10T07:44:54Z" finished-at="2019-05-10T07:45:39Z">
          <reporter-output>
          </reporter-output>
        </test-method> <!-- register -->
      </class> <!-- logic.MyAccount -->
      <class name="logic.Search">
        <test-method status="PASS" signature="register()[pri:0, instance:logic.Search@631330c]" name="register" duration-ms="10220" started-at="2019-05-10T07:45:39Z" finished-at="2019-05-10T07:45:49Z">
          <reporter-output>
          </reporter-output>
        </test-method> <!-- register -->
      </class> <!-- logic.Search -->
      <class name="logic.Checkout">
        <test-method status="PASS" signature="setup(java.lang.String, java.lang.String)[pri:0, instance:logic.Checkout@1a8a8f7c]" name="setup" is-config="true" duration-ms="133472" started-at="2019-05-10T07:36:41Z" finished-at="2019-05-10T07:38:54Z">
          <params>
            <param index="0">
              <value>
                <![CDATA[Chrome]]>
              </value>
            </param>
            <param index="1">
              <value>
                <![CDATA[https://www.veromoda.in/]]>
              </value>
            </param>
          </params>
          <reporter-output>
          </reporter-output>
        </test-method> <!-- setup -->
        <test-method status="PASS" signature="setup(java.lang.String, java.lang.String)[pri:0, instance:logic.CheckoutGuest@2353b3e6]" name="setup" is-config="true" duration-ms="133945" started-at="2019-05-10T07:38:54Z" finished-at="2019-05-10T07:41:08Z">
          <params>
            <param index="0">
              <value>
                <![CDATA[Chrome]]>
              </value>
            </param>
            <param index="1">
              <value>
                <![CDATA[https://www.veromoda.in/]]>
              </value>
            </param>
          </params>
          <reporter-output>
          </reporter-output>
        </test-method> <!-- setup -->
        <test-method status="PASS" signature="setup(java.lang.String, java.lang.String)[pri:0, instance:logic.Filter@51e2adc7]" name="setup" is-config="true" duration-ms="92298" started-at="2019-05-10T07:41:08Z" finished-at="2019-05-10T07:42:40Z">
          <params>
            <param index="0">
              <value>
                <![CDATA[Chrome]]>
              </value>
            </param>
            <param index="1">
              <value>
                <![CDATA[https://www.veromoda.in/]]>
              </value>
            </param>
          </params>
          <reporter-output>
          </reporter-output>
        </test-method> <!-- setup -->
        <test-method status="PASS" signature="setup(java.lang.String, java.lang.String)[pri:0, instance:logic.Footers@42f93a98]" name="setup" is-config="true" duration-ms="36556" started-at="2019-05-10T07:42:40Z" finished-at="2019-05-10T07:43:17Z">
          <params>
            <param index="0">
              <value>
                <![CDATA[Chrome]]>
              </value>
            </param>
            <param index="1">
              <value>
                <![CDATA[https://www.veromoda.in/]]>
              </value>
            </param>
          </params>
          <reporter-output>
          </reporter-output>
        </test-method> <!-- setup -->
        <test-method status="PASS" signature="setup(java.lang.String, java.lang.String)[pri:0, instance:logic.Login@7a187f14]" name="setup" is-config="true" duration-ms="22351" started-at="2019-05-10T07:43:17Z" finished-at="2019-05-10T07:43:39Z">
          <params>
            <param index="0">
              <value>
                <![CDATA[Chrome]]>
              </value>
            </param>
            <param index="1">
              <value>
                <![CDATA[https://www.veromoda.in/]]>
              </value>
            </param>
          </params>
          <reporter-output>
          </reporter-output>
        </test-method> <!-- setup -->
        <test-method status="PASS" signature="setup(java.lang.String, java.lang.String)[pri:0, instance:logic.MyAccount@6f195bc3]" name="setup" is-config="true" duration-ms="22387" started-at="2019-05-10T07:43:39Z" finished-at="2019-05-10T07:44:02Z">
          <params>
            <param index="0">
              <value>
                <![CDATA[Chrome]]>
              </value>
            </param>
            <param index="1">
              <value>
                <![CDATA[https://www.veromoda.in/]]>
              </value>
            </param>
          </params>
          <reporter-output>
          </reporter-output>
        </test-method> <!-- setup -->
        <test-method status="PASS" signature="setup(java.lang.String, java.lang.String)[pri:0, instance:logic.Register@307f6b8c]" name="setup" is-config="true" duration-ms="24188" started-at="2019-05-10T07:44:02Z" finished-at="2019-05-10T07:44:26Z">
          <params>
            <param index="0">
              <value>
                <![CDATA[Chrome]]>
              </value>
            </param>
            <param index="1">
              <value>
                <![CDATA[https://www.veromoda.in/]]>
              </value>
            </param>
          </params>
          <reporter-output>
          </reporter-output>
        </test-method> <!-- setup -->
        <test-method status="PASS" signature="setup(java.lang.String, java.lang.String)[pri:0, instance:logic.Search@631330c]" name="setup" is-config="true" duration-ms="26020" started-at="2019-05-10T07:44:26Z" finished-at="2019-05-10T07:44:52Z">
          <params>
            <param index="0">
              <value>
                <![CDATA[Chrome]]>
              </value>
            </param>
            <param index="1">
              <value>
                <![CDATA[https://www.veromoda.in/]]>
              </value>
            </param>
          </params>
          <reporter-output>
          </reporter-output>
        </test-method> <!-- setup -->
        <test-method status="PASS" signature="Chck()[pri:0, instance:logic.Checkout@1a8a8f7c]" name="Chck" duration-ms="2" started-at="2019-05-10T07:45:39Z" finished-at="2019-05-10T07:45:39Z">
          <reporter-output>
          </reporter-output>
        </test-method> <!-- Chck -->
      </class> <!-- logic.Checkout -->
      <class name="logic.Footers">
        <test-method status="FAIL" signature="register()[pri:0, instance:logic.Footers@42f93a98]" name="register" duration-ms="41799" started-at="2019-05-10T07:45:49Z" finished-at="2019-05-10T07:46:31Z">
          <exception class="org.openqa.selenium.NoSuchElementException">
            <message>
              <![CDATA[no such element: Unable to locate element: {"method":"xpath","selector":"//A[@title='ABOUT US'][text()='ABOUT ONLY']"}
  (Session info: chrome=74.0.3729.131)
  (Driver info: chromedriver=2.40.565498 (ea082db3280dd6843ebfb08a625e3eb905c4f5ab),platform=Windows NT 10.0.16299 x86_64) (WARNING: The server did not provide any stacktrace information)
Command duration or timeout: 0 milliseconds
For documentation on this error, please visit: http://seleniumhq.org/exceptions/no_such_element.html
Build info: version: '3.14.0', revision: 'aacccce0', time: '2018-08-02T20:13:22.693Z'
System info: host: 'N273', ip: '192.168.3.55', os.name: 'Windows 10', os.arch: 'amd64', os.version: '10.0', java.version: '1.8.0_201'
Driver info: org.openqa.selenium.chrome.ChromeDriver
Capabilities {acceptInsecureCerts: false, acceptSslCerts: false, applicationCacheEnabled: false, browserConnectionEnabled: false, browserName: chrome, chrome: {chromedriverVersion: 2.40.565498 (ea082db3280dd6..., userDataDir: C:\Users\user\AppData\Local...}, cssSelectorsEnabled: true, databaseEnabled: false, handlesAlerts: true, hasTouchScreen: false, javascriptEnabled: true, locationContextEnabled: true, mobileEmulationEnabled: false, nativeEvents: true, networkConnectionEnabled: false, pageLoadStrategy: normal, platform: XP, platformName: XP, rotatable: false, setWindowRect: true, takesHeapSnapshot: true, takesScreenshot: true, unexpectedAlertBehaviour: , unhandledPromptBehavior: , version: 74.0.3729.131, webStorageEnabled: true}
Session ID: 9d97e7ab9bb4863e2a97d77cd340f4ee
*** Element info: {Using=xpath, value=//A[@title='ABOUT US'][text()='ABOUT ONLY']}]]>
            </message>
            <full-stacktrace>
              <![CDATA[org.openqa.selenium.NoSuchElementException: no such element: Unable to locate element: {"method":"xpath","selector":"//A[@title='ABOUT US'][text()='ABOUT ONLY']"}
  (Session info: chrome=74.0.3729.131)
  (Driver info: chromedriver=2.40.565498 (ea082db3280dd6843ebfb08a625e3eb905c4f5ab),platform=Windows NT 10.0.16299 x86_64) (WARNING: The server did not provide any stacktrace information)
Command duration or timeout: 0 milliseconds
For documentation on this error, please visit: http://seleniumhq.org/exceptions/no_such_element.html
Build info: version: '3.14.0', revision: 'aacccce0', time: '2018-08-02T20:13:22.693Z'
System info: host: 'N273', ip: '192.168.3.55', os.name: 'Windows 10', os.arch: 'amd64', os.version: '10.0', java.version: '1.8.0_201'
Driver info: org.openqa.selenium.chrome.ChromeDriver
Capabilities {acceptInsecureCerts: false, acceptSslCerts: false, applicationCacheEnabled: false, browserConnectionEnabled: false, browserName: chrome, chrome: {chromedriverVersion: 2.40.565498 (ea082db3280dd6..., userDataDir: C:\Users\user\AppData\Local...}, cssSelectorsEnabled: true, databaseEnabled: false, handlesAlerts: true, hasTouchScreen: false, javascriptEnabled: true, locationContextEnabled: true, mobileEmulationEnabled: false, nativeEvents: true, networkConnectionEnabled: false, pageLoadStrategy: normal, platform: XP, platformName: XP, rotatable: false, setWindowRect: true, takesHeapSnapshot: true, takesScreenshot: true, unexpectedAlertBehaviour: , unhandledPromptBehavior: , version: 74.0.3729.131, webStorageEnabled: true}
Session ID: 9d97e7ab9bb4863e2a97d77cd340f4ee
*** Element info: {Using=xpath, value=//A[@title='ABOUT US'][text()='ABOUT ONLY']}
at sun.reflect.NativeConstructorAccessorImpl.newInstance0(Native Method)
at sun.reflect.NativeConstructorAccessorImpl.newInstance(Unknown Source)
at sun.reflect.DelegatingConstructorAccessorImpl.newInstance(Unknown Source)
at java.lang.reflect.Constructor.newInstance(Unknown Source)
at org.openqa.selenium.remote.ErrorHandler.createThrowable(ErrorHandler.java:214)
at org.openqa.selenium.remote.ErrorHandler.throwIfResponseFailed(ErrorHandler.java:166)
at org.openqa.selenium.remote.http.JsonHttpResponseCodec.reconstructValue(JsonHttpResponseCodec.java:40)
at org.openqa.selenium.remote.http.AbstractHttpResponseCodec.decode(AbstractHttpResponseCodec.java:80)
at org.openqa.selenium.remote.http.AbstractHttpResponseCodec.decode(AbstractHttpResponseCodec.java:44)
at org.openqa.selenium.remote.HttpCommandExecutor.execute(HttpCommandExecutor.java:158)
at org.openqa.selenium.remote.service.DriverCommandExecutor.execute(DriverCommandExecutor.java:83)
at org.openqa.selenium.remote.RemoteWebDriver.execute(RemoteWebDriver.java:548)
at org.openqa.selenium.remote.RemoteWebDriver.findElement(RemoteWebDriver.java:322)
at org.openqa.selenium.remote.RemoteWebDriver.findElementByXPath(RemoteWebDriver.java:424)
at org.openqa.selenium.By$ByXPath.findElement(By.java:353)
at org.openqa.selenium.remote.RemoteWebDriver.findElement(RemoteWebDriver.java:314)
at org.openqa.selenium.support.pagefactory.DefaultElementLocator.findElement(DefaultElementLocator.java:69)
at org.openqa.selenium.support.pagefactory.internal.LocatingElementHandler.invoke(LocatingElementHandler.java:38)
at com.sun.proxy.$Proxy9.click(Unknown Source)
at webelements.WebElements.aboutUS(WebElements.java:746)
at logic.Footers.register(Footers.java:98)
at sun.reflect.NativeMethodAccessorImpl.invoke0(Native Method)
at sun.reflect.NativeMethodAccessorImpl.invoke(Unknown Source)
at sun.reflect.DelegatingMethodAccessorImpl.invoke(Unknown Source)
at java.lang.reflect.Method.invoke(Unknown Source)
at org.testng.internal.MethodInvocationHelper.invokeMethod(MethodInvocationHelper.java:124)
at org.testng.internal.Invoker.invokeMethod(Invoker.java:580)
at org.testng.internal.Invoker.invokeTestMethod(Invoker.java:716)
at org.testng.internal.Invoker.invokeTestMethods(Invoker.java:988)
at org.testng.internal.TestMethodWorker.invokeTestMethods(TestMethodWorker.java:125)
at org.testng.internal.TestMethodWorker.run(TestMethodWorker.java:109)
at org.testng.TestRunner.privateRun(TestRunner.java:648)
at org.testng.TestRunner.run(TestRunner.java:505)
at org.testng.SuiteRunner.runTest(SuiteRunner.java:455)
at org.testng.SuiteRunner.runSequentially(SuiteRunner.java:450)
at org.testng.SuiteRunner.privateRun(SuiteRunner.java:415)
at org.testng.SuiteRunner.run(SuiteRunner.java:364)
at org.testng.SuiteRunnerWorker.runSuite(SuiteRunnerWorker.java:52)
at org.testng.SuiteRunnerWorker.run(SuiteRunnerWorker.java:84)
at org.testng.TestNG.runSuitesSequentially(TestNG.java:1208)
at org.testng.TestNG.runSuitesLocally(TestNG.java:1137)
at org.testng.TestNG.runSuites(TestNG.java:1049)
at org.testng.TestNG.run(TestNG.java:1017)
at org.testng.remote.AbstractRemoteTestNG.run(AbstractRemoteTestNG.java:114)
at org.testng.remote.RemoteTestNG.initAndRun(RemoteTestNG.java:251)
at org.testng.remote.RemoteTestNG.main(RemoteTestNG.java:77)
]]>
            </full-stacktrace>
          </exception> <!-- org.openqa.selenium.NoSuchElementException -->
          <reporter-output>
          </reporter-output>
        </test-method> <!-- register -->
      </class> <!-- logic.Footers -->
      <class name="logic.Login">
        <test-method status="PASS" signature="register()[pri:0, instance:logic.Login@7a187f14]" name="register" duration-ms="685" started-at="2019-05-10T07:44:53Z" finished-at="2019-05-10T07:44:54Z">
          <reporter-output>
          </reporter-output>
        </test-method> <!-- register -->
      </class> <!-- logic.Login -->
    </test> <!-- Only-Chrome -->
  </suite> <!-- TestSuite -->
</testng-results>
